#
# A fatal error has been detected by the Java Runtime Environment:
#
#  EXCEPTION_ACCESS_VIOLATION (0xc0000005) at pc=0x00007fff4eb35764, pid=19580, tid=26980
#
# JRE version: OpenJDK Runtime Environment Temurin-17.0.2+8 (17.0.2+8) (build 17.0.2+8)
# Java VM: OpenJDK 64-Bit Server VM Temurin-17.0.2+8 (17.0.2+8, mixed mode, emulated-client, tiered, compressed oops, compressed class ptrs, g1 gc, windows-amd64)
# Problematic frame:
# C  [net.dll+0x5764]
#
# No core dump will be written. Minidumps are not enabled by default on client versions of Windows
#
# If you would like to submit a bug report, please visit:
#   https://github.com/adoptium/adoptium-support/issues
# The crash happened outside the Java Virtual Machine in native code.
# See problematic frame for where to report the bug.
#

---------------  S U M M A R Y ------------

Command Line: -Dcom.sun.management.jmxremote -Dcom.sun.management.jmxremote.port=58440 -Dcom.sun.management.jmxremote.authenticate=false -Dcom.sun.management.jmxremote.ssl=false -Djava.rmi.server.hostname=localhost -Dspring.jmx.enabled=true -Dspring.application.admin.enabled=true -XX:TieredStopAtLevel=1 -Dspring.boot.project.name=event-management-service -Dfile.encoding=UTF-8 -XX:+ShowCodeDetailsInExceptionMessages com.ticketplaza.microservice.eventmanagement.EventServiceApplication --spring.output.ansi.enabled=always

Host: ## __CPU__, 12 cores, 7G,  Windows 11 , 64 bit Build 22621 (10.0.22621.3672)
Time: Mon Jul  1 19:04:27 2024 India Standard Time elapsed time: 3.640416 seconds (0d 0h 0m 3s)

---------------  T H R E A D  ---------------

Current thread (0x00000154caddb630):  JavaThread "restartedMain" [_thread_in_native, id=26980, stack(0x00000019dae00000,0x00000019daf00000)]

Stack: [0x00000019dae00000,0x00000019daf00000],  sp=0x00000019daefda10,  free space=1014k
Native frames: (J=compiled Java code, j=interpreted, Vv=VM code, C=native code)
C  [net.dll+0x5764]

Java frames: (J=compiled Java code, j=interpreted, Vv=VM code)
j  java.net.NetworkInterface.getAll()[Ljava/net/NetworkInterface;+0 java.base@17.0.2
j  java.net.NetworkInterface.getNetworkInterfaces()Ljava/util/Enumeration;+0 java.base@17.0.2
j  org.springframework.cloud.commons.util.InetUtils.findFirstNonLoopbackAddress()Ljava/net/InetAddress;+5
j  org.springframework.cloud.commons.util.InetUtils.findFirstNonLoopbackHostInfo()Lorg/springframework/cloud/commons/util/InetUtils$HostInfo;+1
j  org.springframework.cloud.client.HostInfoEnvironmentPostProcessor.getFirstNonLoopbackHostInfo(Lorg/springframework/core/env/ConfigurableEnvironment;)Lorg/springframework/cloud/commons/util/InetUtils$HostInfo;+36
j  org.springframework.cloud.client.HostInfoEnvironmentPostProcessor.postProcessEnvironment(Lorg/springframework/core/env/ConfigurableEnvironment;Lorg/springframework/boot/SpringApplication;)V+2
j  org.springframework.boot.env.EnvironmentPostProcessorApplicationListener.onApplicationEnvironmentPreparedEvent(Lorg/springframework/boot/context/event/ApplicationEnvironmentPreparedEvent;)V+55
j  org.springframework.boot.env.EnvironmentPostProcessorApplicationListener.onApplicationEvent(Lorg/springframework/context/ApplicationEvent;)V+14
j  org.springframework.context.event.SimpleApplicationEventMulticaster.doInvokeListener(Lorg/springframework/context/ApplicationListener;Lorg/springframework/context/ApplicationEvent;)V+2
j  org.springframework.context.event.SimpleApplicationEventMulticaster.invokeListener(Lorg/springframework/context/ApplicationListener;Lorg/springframework/context/ApplicationEvent;)V+34
j  org.springframework.context.event.SimpleApplicationEventMulticaster.multicastEvent(Lorg/springframework/context/ApplicationEvent;Lorg/springframework/core/ResolvableType;)V+104
j  org.springframework.context.event.SimpleApplicationEventMulticaster.multicastEvent(Lorg/springframework/context/ApplicationEvent;)V+3
j  org.springframework.boot.context.event.EventPublishingRunListener.multicastInitialEvent(Lorg/springframework/context/ApplicationEvent;)V+9
j  org.springframework.boot.context.event.EventPublishingRunListener.environmentPrepared(Lorg/springframework/boot/ConfigurableBootstrapContext;Lorg/springframework/core/env/ConfigurableEnvironment;)V+18
j  org.springframework.boot.SpringApplicationRunListeners.lambda$environmentPrepared$2(Lorg/springframework/boot/ConfigurableBootstrapContext;Lorg/springframework/core/env/ConfigurableEnvironment;Lorg/springframework/boot/SpringApplicationRunListener;)V+3
j  org.springframework.boot.SpringApplicationRunListeners$$Lambda$201+0x000000010021b910.accept(Ljava/lang/Object;)V+12
j  java.lang.Iterable.forEach(Ljava/util/function/Consumer;)V+30 java.base@17.0.2
j  org.springframework.boot.SpringApplicationRunListeners.doWithListeners(Ljava/lang/String;Ljava/util/function/Consumer;Ljava/util/function/Consumer;)V+17
j  org.springframework.boot.SpringApplicationRunListeners.doWithListeners(Ljava/lang/String;Ljava/util/function/Consumer;)V+4
j  org.springframework.boot.SpringApplicationRunListeners.environmentPrepared(Lorg/springframework/boot/ConfigurableBootstrapContext;Lorg/springframework/core/env/ConfigurableEnvironment;)V+10
j  org.springframework.boot.SpringApplication.prepareEnvironment(Lorg/springframework/boot/SpringApplicationRunListeners;Lorg/springframework/boot/DefaultBootstrapContext;Lorg/springframework/boot/ApplicationArguments;)Lorg/springframework/core/env/ConfigurableEnvironment;+27
j  org.springframework.boot.SpringApplication.run([Ljava/lang/String;)Lorg/springframework/context/ConfigurableApplicationContext;+62
j  org.springframework.boot.SpringApplication.run([Ljava/lang/Class;[Ljava/lang/String;)Lorg/springframework/context/ConfigurableApplicationContext;+9
j  org.springframework.boot.SpringApplication.run(Ljava/lang/Class;[Ljava/lang/String;)Lorg/springframework/context/ConfigurableApplicationContext;+9
j  com.ticketplaza.microservice.eventmanagement.EventServiceApplication.main([Ljava/lang/String;)V+3
v  ~StubRoutines::call_stub
j  jdk.internal.reflect.NativeMethodAccessorImpl.invoke0(Ljava/lang/reflect/Method;Ljava/lang/Object;[Ljava/lang/Object;)Ljava/lang/Object;+0 java.base@17.0.2
j  jdk.internal.reflect.NativeMethodAccessorImpl.invoke(Ljava/lang/Object;[Ljava/lang/Object;)Ljava/lang/Object;+133 java.base@17.0.2
j  jdk.internal.reflect.DelegatingMethodAccessorImpl.invoke(Ljava/lang/Object;[Ljava/lang/Object;)Ljava/lang/Object;+6 java.base@17.0.2
j  java.lang.reflect.Method.invoke(Ljava/lang/Object;[Ljava/lang/Object;)Ljava/lang/Object;+59 java.base@17.0.2
j  org.springframework.boot.devtools.restart.RestartLauncher.run()V+47
v  ~StubRoutines::call_stub

siginfo: EXCEPTION_ACCESS_VIOLATION (0xc0000005), reading address 0x00000154cae00010


Register to memory mapping:

RIP=0x00007fff4eb35764 net.dll
RAX=0x0000000000000001 is an unknown value
RBX=0x00000154caeb5260 points into unknown readable memory: 0x8807c30000000002 | 02 00 00 00 00 c3 07 88
RCX=0x0 is NULL
RDX=0x0 is NULL
RSP=0x00000019daefda10 is pointing into the stack for thread: 0x00000154caddb630
RBP=0x000000000000493b is an unknown value
RSI=0x00000154caeb5260 points into unknown readable memory: 0x8807c30000000002 | 02 00 00 00 00 c3 07 88
RDI=0x00000154caddb630 is a thread
R8 =0x0000000000000001 is an unknown value
R9 =0x0000000000000040 is an unknown value
R10=0x00000000000002c0 is an unknown value
R11=0xffe41b6ed01d487c is an unknown value
R12=0x00000019daefdaa0 is pointing into the stack for thread: 0x00000154caddb630
R13=0x00000154caeb36e0 points into unknown readable memory: 0x00000154cae54f90 | 90 4f e5 ca 54 01 00 00
R14=0x0000000000001869 is an unknown value
R15=0x0000000000000013 is an unknown value


Registers:
RAX=0x0000000000000001, RBX=0x00000154caeb5260, RCX=0x0000000000000000, RDX=0x0000000000000000
RSP=0x00000019daefda10, RBP=0x000000000000493b, RSI=0x00000154caeb5260, RDI=0x00000154caddb630
R8 =0x0000000000000001, R9 =0x0000000000000040, R10=0x00000000000002c0, R11=0xffe41b6ed01d487c
R12=0x00000019daefdaa0, R13=0x00000154caeb36e0, R14=0x0000000000001869, R15=0x0000000000000013
RIP=0x00007fff4eb35764, EFLAGS=0x0000000000010203

Top of Stack: (sp=0x00000019daefda10)
0x00000019daefda10:   00000154caeb5210 0000000000000028
0x00000019daefda20:   00000154caddb8d8 00007fff4eb36003
0x00000019daefda30:   00000019daefdbc0 00000019daefdc78
0x00000019daefda40:   00000000ffffffff 0000000000000028
0x00000019daefda50:   00000154caeb36e0 00007fff4eb36ded
0x00000019daefda60:   00000154caddb8d8 00000154caddb8d8
0x00000019daefda70:   00000019daefdb09 00000154caeb36e0
0x00000019daefda80:   0000000000000000 0000000000000000
0x00000019daefda90:   00000154caddb630 00000154caeb5710
0x00000019daefdaa0:   00000154caddb630 fffffffe00000000
0x00000019daefdab0:   0000000000000000 0000000000000000
0x00000019daefdac0:   00000154caddb630 00007ffef41d5ef3
0x00000019daefdad0:   00000019daefdd68 00000154caddb630
0x00000019daefdae0:   0000000000000000 00000000000000b8
0x00000019daefdaf0:   00000019daefdc00 00007ffef3f122f3
0x00000019daefdb00:   00000154ca1f48f8 0000000000000007 

Instructions: (pc=0x00007fff4eb35764)
0x00007fff4eb35664:   ff ff 48 8b cb 48 8b 5b 40 ff 15 3d 9c 00 00 48
0x00007fff4eb35674:   8b cb 48 85 db 75 ee e9 bf fb ff ff 48 8b cb 48
0x00007fff4eb35684:   8b 5b 40 ff 15 23 9c 00 00 48 8b cb 48 85 db 75
0x00007fff4eb35694:   ee e9 a5 fb ff ff 48 8b cb 48 8b 5b 40 ff 15 09
0x00007fff4eb356a4:   9c 00 00 48 8b cb 48 85 db 75 ee e9 8b fb ff ff
0x00007fff4eb356b4:   48 89 5c 24 08 48 89 74 24 10 57 48 83 ec 20 48
0x00007fff4eb356c4:   8b f2 49 8b f8 48 8d 54 24 48 48 8b d9 e8 76 08
0x00007fff4eb356d4:   00 00 85 c0 79 04 33 c0 eb 22 4c 8b 4c 24 48 4c
0x00007fff4eb356e4:   8b c7 48 8b d6 48 8b cb e8 1f 00 00 00 48 8b 4c
0x00007fff4eb356f4:   24 48 8b d8 ff 15 b2 9b 00 00 8b c3 48 8b 5c 24
0x00007fff4eb35704:   30 48 8b 74 24 38 48 83 c4 20 5f c3 48 8b c4 48
0x00007fff4eb35714:   89 58 10 48 89 68 18 48 89 70 20 48 89 48 08 57
0x00007fff4eb35724:   41 54 41 55 41 56 41 57 48 83 ec 20 4c 8b ea 49
0x00007fff4eb35734:   8b f9 33 d2 4d 8b e0 4d 85 c9 75 07 33 c0 e9 ec
0x00007fff4eb35744:   00 00 00 44 8b fa 48 8b da 44 8b f2 41 39 11 0f
0x00007fff4eb35754:   86 d3 00 00 00 41 8b c6 48 8d 2c 40 41 8b 45 10
0x00007fff4eb35764:   39 44 ef 08 0f 85 ad 00 00 00 39 54 ef 04 0f 84
0x00007fff4eb35774:   a3 00 00 00 b9 48 00 00 00 ff 15 35 9b 00 00 33
0x00007fff4eb35784:   d2 48 8b f0 48 85 c0 0f 84 bf 00 00 00 44 8d 42
0x00007fff4eb35794:   02 66 44 89 00 8b 44 ef 04 89 46 04 41 8b 45 14
0x00007fff4eb357a4:   83 f8 18 77 0a b9 40 82 00 01 0f a3 c1 72 0a 83
0x00007fff4eb357b4:   f8 47 74 05 83 c8 ff eb 49 66 44 89 46 1c ba 01
0x00007fff4eb357c4:   00 00 00 8b 44 ef 0c 8b c8 23 4c ef 04 39 54 ef
0x00007fff4eb357d4:   10 75 06 f7 d0 0b c1 eb 02 8b c1 89 46 20 8b 4c
0x00007fff4eb357e4:   ef 0c ff 15 14 9a 00 00 33 d2 8b c8 66 89 56 38
0x00007fff4eb357f4:   85 c0 74 12 8b c2 44 8d 42 01 66 41 03 c0 03 c9
0x00007fff4eb35804:   75 f8 66 89 46 38 b8 01 00 00 00 48 89 5e 40 44
0x00007fff4eb35814:   03 f8 48 8b de eb 05 b8 01 00 00 00 44 03 f0 44
0x00007fff4eb35824:   3b 37 0f 82 2d ff ff ff 49 89 1c 24 41 8b c7 48
0x00007fff4eb35834:   8b 5c 24 58 48 8b 6c 24 60 48 8b 74 24 68 48 83
0x00007fff4eb35844:   c4 20 41 5f 41 5e 41 5d 41 5c 5f c3 48 8b 4c 24
0x00007fff4eb35854:   50 48 8d 15 94 a2 00 00 e8 28 83 00 00 eb 0a 48 


Stack slot to memory mapping:
stack at sp + 0 slots: 0x00000154caeb5210 points into unknown readable memory: 0x88069a0000000002 | 02 00 00 00 00 9a 06 88
stack at sp + 1 slots: 0x0000000000000028 is an unknown value
stack at sp + 2 slots: 0x00000154caddb8d8 points into unknown readable memory: 0x00007ffef46907d0 | d0 07 69 f4 fe 7f 00 00
stack at sp + 3 slots: 0x00007fff4eb36003 net.dll
stack at sp + 4 slots: 0x00000019daefdbc0 is pointing into the stack for thread: 0x00000154caddb630
stack at sp + 5 slots: 0x00000019daefdc78 is pointing into the stack for thread: 0x00000154caddb630
stack at sp + 6 slots: 0x00000000ffffffff is an unallocated location in the heap
stack at sp + 7 slots: 0x0000000000000028 is an unknown value


---------------  P R O C E S S  ---------------

Threads class SMR info:
_java_thread_list=0x00000154cae12a30, length=23, elements={
0x00000154ba69a270, 0x00000154c9413260, 0x00000154c94150e0, 0x00000154c8831ab0,
0x00000154c8832630, 0x00000154c88335f0, 0x00000154c9456a50, 0x00000154c94574b0,
0x00000154c94633b0, 0x00000154c87aaef0, 0x00000154c9653500, 0x00000154c966fa80,
0x00000154c96b4c40, 0x00000154c9e5a860, 0x00000154c9e5a110, 0x00000154c9df8840,
0x00000154c9e02fe0, 0x00000154c9e0a500, 0x00000154c9e0e9f0, 0x00000154c9e0f2d0,
0x00000154c9edc100, 0x00000154caddbfd0, 0x00000154caddb630
}

Java Threads: ( => current thread )
  0x00000154ba69a270 JavaThread "main" [_thread_blocked, id=11236, stack(0x00000019d8900000,0x00000019d8a00000)]
  0x00000154c9413260 JavaThread "Reference Handler" daemon [_thread_blocked, id=20268, stack(0x00000019d9000000,0x00000019d9100000)]
  0x00000154c94150e0 JavaThread "Finalizer" daemon [_thread_blocked, id=5344, stack(0x00000019d9100000,0x00000019d9200000)]
  0x00000154c8831ab0 JavaThread "Signal Dispatcher" daemon [_thread_blocked, id=13228, stack(0x00000019d9200000,0x00000019d9300000)]
  0x00000154c8832630 JavaThread "Attach Listener" daemon [_thread_blocked, id=19692, stack(0x00000019d9300000,0x00000019d9400000)]
  0x00000154c88335f0 JavaThread "Service Thread" daemon [_thread_blocked, id=24256, stack(0x00000019d9400000,0x00000019d9500000)]
  0x00000154c9456a50 JavaThread "Monitor Deflation Thread" daemon [_thread_blocked, id=1208, stack(0x00000019d9500000,0x00000019d9600000)]
  0x00000154c94574b0 JavaThread "C1 CompilerThread0" daemon [_thread_blocked, id=24040, stack(0x00000019d9600000,0x00000019d9700000)]
  0x00000154c94633b0 JavaThread "Sweeper thread" daemon [_thread_blocked, id=2764, stack(0x00000019d9700000,0x00000019d9800000)]
  0x00000154c87aaef0 JavaThread "Common-Cleaner" daemon [_thread_blocked, id=24412, stack(0x00000019d9800000,0x00000019d9900000)]
  0x00000154c9653500 JavaThread "C1 CompilerThread1" daemon [_thread_blocked, id=10600, stack(0x00000019d9900000,0x00000019d9a00000)]
  0x00000154c966fa80 JavaThread "C1 CompilerThread2" daemon [_thread_blocked, id=18680, stack(0x00000019d9a00000,0x00000019d9b00000)]
  0x00000154c96b4c40 JavaThread "Notification Thread" daemon [_thread_blocked, id=4608, stack(0x00000019d9b00000,0x00000019d9c00000)]
  0x00000154c9e5a860 JavaThread "C1 CompilerThread3" daemon [_thread_blocked, id=27572, stack(0x00000019d9c00000,0x00000019d9d00000)]
  0x00000154c9e5a110 JavaThread "RMI TCP Accept-0" daemon [_thread_in_native, id=18216, stack(0x00000019d9d00000,0x00000019d9e00000)]
  0x00000154c9df8840 JavaThread "RMI TCP Accept-58440" daemon [_thread_in_native, id=23976, stack(0x00000019d9e00000,0x00000019d9f00000)]
  0x00000154c9e02fe0 JavaThread "RMI TCP Accept-0" daemon [_thread_in_native, id=20348, stack(0x00000019d9f00000,0x00000019da000000)]
  0x00000154c9e0a500 JavaThread "RMI TCP Connection(1)-127.0.0.1" daemon [_thread_in_native, id=11196, stack(0x00000019da100000,0x00000019da200000)]
  0x00000154c9e0e9f0 JavaThread "RMI Scheduler(0)" daemon [_thread_blocked, id=14508, stack(0x00000019da200000,0x00000019da300000)]
  0x00000154c9e0f2d0 JavaThread "RMI TCP Connection(2)-127.0.0.1" daemon [_thread_in_native, id=25256, stack(0x00000019da300000,0x00000019da400000)]
  0x00000154c9edc100 JavaThread "JMX server connection timeout 22" daemon [_thread_blocked, id=9660, stack(0x00000019da400000,0x00000019da500000)]
  0x00000154caddbfd0 JavaThread "Thread-0" [_thread_blocked, id=13292, stack(0x00000019dad00000,0x00000019dae00000)]
=>0x00000154caddb630 JavaThread "restartedMain" [_thread_in_native, id=26980, stack(0x00000019dae00000,0x00000019daf00000)]

Other Threads:
  0x00000154c881f530 VMThread "VM Thread" [stack: 0x00000019d8f00000,0x00000019d9000000] [id=3364]
  0x00000154ba6f2ff0 WatcherThread [stack: 0x00000019da000000,0x00000019da100000] [id=2272]
  0x00000154ba6db530 GCTaskThread "GC Thread#0" [stack: 0x00000019d8a00000,0x00000019d8b00000] [id=3592]
  0x00000154caca3500 GCTaskThread "GC Thread#1" [stack: 0x00000019da500000,0x00000019da600000] [id=23160]
  0x00000154cacd1020 GCTaskThread "GC Thread#2" [stack: 0x00000019da600000,0x00000019da700000] [id=5376]
  0x00000154cacf7b10 GCTaskThread "GC Thread#3" [stack: 0x00000019da700000,0x00000019da800000] [id=22044]
  0x00000154cacd16e0 GCTaskThread "GC Thread#4" [stack: 0x00000019da800000,0x00000019da900000] [id=4288]
  0x00000154cad2f1a0 GCTaskThread "GC Thread#5" [stack: 0x00000019da900000,0x00000019daa00000] [id=18656]
  0x00000154cad2f450 GCTaskThread "GC Thread#6" [stack: 0x00000019daa00000,0x00000019dab00000] [id=6724]
  0x00000154cad2f700 GCTaskThread "GC Thread#7" [stack: 0x00000019dab00000,0x00000019dac00000] [id=5312]
  0x00000154cae5dff0 GCTaskThread "GC Thread#8" [stack: 0x00000019daf00000,0x00000019db000000] [id=8528]
  0x00000154ba6ebfb0 ConcurrentGCThread "G1 Main Marker" [stack: 0x00000019d8b00000,0x00000019d8c00000] [id=25868]
  0x00000154ba6ed1d0 ConcurrentGCThread "G1 Conc#0" [stack: 0x00000019d8c00000,0x00000019d8d00000] [id=12852]
  0x00000154c86720c0 ConcurrentGCThread "G1 Refine#0" [stack: 0x00000019d8d00000,0x00000019d8e00000] [id=20116]
  0x00000154cacee760 ConcurrentGCThread "G1 Refine#1" [stack: 0x00000019dac00000,0x00000019dad00000] [id=25412]
  0x00000154c8673af0 ConcurrentGCThread "G1 Service" [stack: 0x00000019d8e00000,0x00000019d8f00000] [id=14832]

Threads with active compile tasks:

VM state: not at safepoint (normal execution)

VM Mutex/Monitor currently owned by a thread: None

Heap address: 0x0000000082600000, size: 2010 MB, Compressed Oops mode: 32-bit

CDS archive(s) not mapped
Compressed class space mapped at: 0x0000000100000000-0x0000000140000000, reserved size: 1073741824
Narrow klass base: 0x0000000000000000, Narrow klass shift: 3, Narrow klass range: 0x140000000

GC Precious Log:
 CPUs: 12 total, 12 available
 Memory: 8038M
 Large Page Support: Disabled
 NUMA Support: Disabled
 Compressed Oops: Enabled (32-bit)
 Heap Region Size: 1M
 Heap Min Capacity: 8M
 Heap Initial Capacity: 126M
 Heap Max Capacity: 2010M
 Pre-touch: Disabled
 Parallel Workers: 10
 Concurrent Workers: 3
 Concurrent Refinement Workers: 10
 Periodic GC: Disabled

Heap:
 garbage-first heap   total 129024K, used 21913K [0x0000000082600000, 0x0000000100000000)
  region size 1024K, 13 young (13312K), 1 survivors (1024K)
 Metaspace       used 19341K, committed 19648K, reserved 1073152K
  class space    used 2201K, committed 2368K, reserved 1048576K

Heap Regions: E=young(eden), S=young(survivor), O=old, HS=humongous(starts), HC=humongous(continues), CS=collection set, F=free, OA=open archive, CA=closed archive, TAMS=top-at-mark-start (previous, next)
|   0|0x0000000082600000, 0x0000000082700000, 0x0000000082700000|100%|HS|  |TAMS 0x0000000082600000, 0x0000000082600000| Complete 
|   1|0x0000000082700000, 0x0000000082800000, 0x0000000082800000|100%|HS|  |TAMS 0x0000000082700000, 0x0000000082700000| Complete 
|   2|0x0000000082800000, 0x0000000082800000, 0x0000000082900000|  0%| F|  |TAMS 0x0000000082800000, 0x0000000082800000| Untracked 
|   3|0x0000000082900000, 0x0000000082a00000, 0x0000000082a00000|100%| O|  |TAMS 0x0000000082900000, 0x0000000082900000| Untracked 
|   4|0x0000000082a00000, 0x0000000082b00000, 0x0000000082b00000|100%| O|  |TAMS 0x0000000082a00000, 0x0000000082a00000| Untracked 
|   5|0x0000000082b00000, 0x0000000082c00000, 0x0000000082c00000|100%| O|  |TAMS 0x0000000082b00000, 0x0000000082b00000| Untracked 
|   6|0x0000000082c00000, 0x0000000082d00000, 0x0000000082d00000|100%| O|  |TAMS 0x0000000082c00000, 0x0000000082c00000| Untracked 
|   7|0x0000000082d00000, 0x0000000082e00000, 0x0000000082e00000|100%| O|  |TAMS 0x0000000082d00000, 0x0000000082d00000| Untracked 
|   8|0x0000000082e00000, 0x0000000082f00000, 0x0000000082f00000|100%| O|  |TAMS 0x0000000082e00000, 0x0000000082e00000| Untracked 
|   9|0x0000000082f00000, 0x0000000083000000, 0x0000000083000000|100%| O|  |TAMS 0x0000000082f00000, 0x0000000082f00000| Untracked 
|  10|0x0000000083000000, 0x0000000083100000, 0x0000000083100000|100%| O|  |TAMS 0x0000000083000000, 0x0000000083000000| Untracked 
|  11|0x0000000083100000, 0x000000008318ee00, 0x0000000083200000| 55%| O|  |TAMS 0x0000000083100000, 0x0000000083100000| Untracked 
|  12|0x0000000083200000, 0x0000000083200000, 0x0000000083300000|  0%| F|  |TAMS 0x0000000083200000, 0x0000000083200000| Untracked 
|  13|0x0000000083300000, 0x0000000083300000, 0x0000000083400000|  0%| F|  |TAMS 0x0000000083300000, 0x0000000083300000| Untracked 
|  14|0x0000000083400000, 0x0000000083400000, 0x0000000083500000|  0%| F|  |TAMS 0x0000000083400000, 0x0000000083400000| Untracked 
|  15|0x0000000083500000, 0x0000000083500000, 0x0000000083600000|  0%| F|  |TAMS 0x0000000083500000, 0x0000000083500000| Untracked 
|  16|0x0000000083600000, 0x0000000083600000, 0x0000000083700000|  0%| F|  |TAMS 0x0000000083600000, 0x0000000083600000| Untracked 
|  17|0x0000000083700000, 0x0000000083700000, 0x0000000083800000|  0%| F|  |TAMS 0x0000000083700000, 0x0000000083700000| Untracked 
|  18|0x0000000083800000, 0x0000000083800000, 0x0000000083900000|  0%| F|  |TAMS 0x0000000083800000, 0x0000000083800000| Untracked 
|  19|0x0000000083900000, 0x0000000083900000, 0x0000000083a00000|  0%| F|  |TAMS 0x0000000083900000, 0x0000000083900000| Untracked 
|  20|0x0000000083a00000, 0x0000000083a00000, 0x0000000083b00000|  0%| F|  |TAMS 0x0000000083a00000, 0x0000000083a00000| Untracked 
|  21|0x0000000083b00000, 0x0000000083b00000, 0x0000000083c00000|  0%| F|  |TAMS 0x0000000083b00000, 0x0000000083b00000| Untracked 
|  22|0x0000000083c00000, 0x0000000083c00000, 0x0000000083d00000|  0%| F|  |TAMS 0x0000000083c00000, 0x0000000083c00000| Untracked 
|  23|0x0000000083d00000, 0x0000000083d00000, 0x0000000083e00000|  0%| F|  |TAMS 0x0000000083d00000, 0x0000000083d00000| Untracked 
|  24|0x0000000083e00000, 0x0000000083e00000, 0x0000000083f00000|  0%| F|  |TAMS 0x0000000083e00000, 0x0000000083e00000| Untracked 
|  25|0x0000000083f00000, 0x0000000083f00000, 0x0000000084000000|  0%| F|  |TAMS 0x0000000083f00000, 0x0000000083f00000| Untracked 
|  26|0x0000000084000000, 0x0000000084000000, 0x0000000084100000|  0%| F|  |TAMS 0x0000000084000000, 0x0000000084000000| Untracked 
|  27|0x0000000084100000, 0x0000000084100000, 0x0000000084200000|  0%| F|  |TAMS 0x0000000084100000, 0x0000000084100000| Untracked 
|  28|0x0000000084200000, 0x0000000084200000, 0x0000000084300000|  0%| F|  |TAMS 0x0000000084200000, 0x0000000084200000| Untracked 
|  29|0x0000000084300000, 0x0000000084300000, 0x0000000084400000|  0%| F|  |TAMS 0x0000000084300000, 0x0000000084300000| Untracked 
|  30|0x0000000084400000, 0x0000000084400000, 0x0000000084500000|  0%| F|  |TAMS 0x0000000084400000, 0x0000000084400000| Untracked 
|  31|0x0000000084500000, 0x0000000084500000, 0x0000000084600000|  0%| F|  |TAMS 0x0000000084500000, 0x0000000084500000| Untracked 
|  32|0x0000000084600000, 0x0000000084600000, 0x0000000084700000|  0%| F|  |TAMS 0x0000000084600000, 0x0000000084600000| Untracked 
|  33|0x0000000084700000, 0x0000000084700000, 0x0000000084800000|  0%| F|  |TAMS 0x0000000084700000, 0x0000000084700000| Untracked 
|  34|0x0000000084800000, 0x0000000084800000, 0x0000000084900000|  0%| F|  |TAMS 0x0000000084800000, 0x0000000084800000| Untracked 
|  35|0x0000000084900000, 0x0000000084900000, 0x0000000084a00000|  0%| F|  |TAMS 0x0000000084900000, 0x0000000084900000| Untracked 
|  36|0x0000000084a00000, 0x0000000084a00000, 0x0000000084b00000|  0%| F|  |TAMS 0x0000000084a00000, 0x0000000084a00000| Untracked 
|  37|0x0000000084b00000, 0x0000000084b00000, 0x0000000084c00000|  0%| F|  |TAMS 0x0000000084b00000, 0x0000000084b00000| Untracked 
|  38|0x0000000084c00000, 0x0000000084c00000, 0x0000000084d00000|  0%| F|  |TAMS 0x0000000084c00000, 0x0000000084c00000| Untracked 
|  39|0x0000000084d00000, 0x0000000084d00000, 0x0000000084e00000|  0%| F|  |TAMS 0x0000000084d00000, 0x0000000084d00000| Untracked 
|  40|0x0000000084e00000, 0x0000000084e00000, 0x0000000084f00000|  0%| F|  |TAMS 0x0000000084e00000, 0x0000000084e00000| Untracked 
|  41|0x0000000084f00000, 0x0000000084f00000, 0x0000000085000000|  0%| F|  |TAMS 0x0000000084f00000, 0x0000000084f00000| Untracked 
|  42|0x0000000085000000, 0x0000000085000000, 0x0000000085100000|  0%| F|  |TAMS 0x0000000085000000, 0x0000000085000000| Untracked 
|  43|0x0000000085100000, 0x0000000085100000, 0x0000000085200000|  0%| F|  |TAMS 0x0000000085100000, 0x0000000085100000| Untracked 
|  44|0x0000000085200000, 0x0000000085200000, 0x0000000085300000|  0%| F|  |TAMS 0x0000000085200000, 0x0000000085200000| Untracked 
|  45|0x0000000085300000, 0x0000000085300000, 0x0000000085400000|  0%| F|  |TAMS 0x0000000085300000, 0x0000000085300000| Untracked 
|  46|0x0000000085400000, 0x0000000085400000, 0x0000000085500000|  0%| F|  |TAMS 0x0000000085400000, 0x0000000085400000| Untracked 
|  47|0x0000000085500000, 0x0000000085500000, 0x0000000085600000|  0%| F|  |TAMS 0x0000000085500000, 0x0000000085500000| Untracked 
|  48|0x0000000085600000, 0x0000000085600000, 0x0000000085700000|  0%| F|  |TAMS 0x0000000085600000, 0x0000000085600000| Untracked 
|  49|0x0000000085700000, 0x0000000085700000, 0x0000000085800000|  0%| F|  |TAMS 0x0000000085700000, 0x0000000085700000| Untracked 
|  50|0x0000000085800000, 0x0000000085800000, 0x0000000085900000|  0%| F|  |TAMS 0x0000000085800000, 0x0000000085800000| Untracked 
|  51|0x0000000085900000, 0x0000000085900000, 0x0000000085a00000|  0%| F|  |TAMS 0x0000000085900000, 0x0000000085900000| Untracked 
|  52|0x0000000085a00000, 0x0000000085a00000, 0x0000000085b00000|  0%| F|  |TAMS 0x0000000085a00000, 0x0000000085a00000| Untracked 
|  53|0x0000000085b00000, 0x0000000085b00000, 0x0000000085c00000|  0%| F|  |TAMS 0x0000000085b00000, 0x0000000085b00000| Untracked 
|  54|0x0000000085c00000, 0x0000000085c00000, 0x0000000085d00000|  0%| F|  |TAMS 0x0000000085c00000, 0x0000000085c00000| Untracked 
|  55|0x0000000085d00000, 0x0000000085d00000, 0x0000000085e00000|  0%| F|  |TAMS 0x0000000085d00000, 0x0000000085d00000| Untracked 
|  56|0x0000000085e00000, 0x0000000085e00000, 0x0000000085f00000|  0%| F|  |TAMS 0x0000000085e00000, 0x0000000085e00000| Untracked 
|  57|0x0000000085f00000, 0x0000000085f00000, 0x0000000086000000|  0%| F|  |TAMS 0x0000000085f00000, 0x0000000085f00000| Untracked 
|  58|0x0000000086000000, 0x0000000086000000, 0x0000000086100000|  0%| F|  |TAMS 0x0000000086000000, 0x0000000086000000| Untracked 
|  59|0x0000000086100000, 0x0000000086100000, 0x0000000086200000|  0%| F|  |TAMS 0x0000000086100000, 0x0000000086100000| Untracked 
|  60|0x0000000086200000, 0x0000000086200000, 0x0000000086300000|  0%| F|  |TAMS 0x0000000086200000, 0x0000000086200000| Untracked 
|  61|0x0000000086300000, 0x0000000086300000, 0x0000000086400000|  0%| F|  |TAMS 0x0000000086300000, 0x0000000086300000| Untracked 
|  62|0x0000000086400000, 0x0000000086400000, 0x0000000086500000|  0%| F|  |TAMS 0x0000000086400000, 0x0000000086400000| Untracked 
|  63|0x0000000086500000, 0x0000000086500000, 0x0000000086600000|  0%| F|  |TAMS 0x0000000086500000, 0x0000000086500000| Untracked 
|  64|0x0000000086600000, 0x0000000086600000, 0x0000000086700000|  0%| F|  |TAMS 0x0000000086600000, 0x0000000086600000| Untracked 
|  65|0x0000000086700000, 0x0000000086700000, 0x0000000086800000|  0%| F|  |TAMS 0x0000000086700000, 0x0000000086700000| Untracked 
|  66|0x0000000086800000, 0x0000000086800000, 0x0000000086900000|  0%| F|  |TAMS 0x0000000086800000, 0x0000000086800000| Untracked 
|  67|0x0000000086900000, 0x0000000086900000, 0x0000000086a00000|  0%| F|  |TAMS 0x0000000086900000, 0x0000000086900000| Untracked 
|  68|0x0000000086a00000, 0x0000000086a00000, 0x0000000086b00000|  0%| F|  |TAMS 0x0000000086a00000, 0x0000000086a00000| Untracked 
|  69|0x0000000086b00000, 0x0000000086b00000, 0x0000000086c00000|  0%| F|  |TAMS 0x0000000086b00000, 0x0000000086b00000| Untracked 
|  70|0x0000000086c00000, 0x0000000086c00000, 0x0000000086d00000|  0%| F|  |TAMS 0x0000000086c00000, 0x0000000086c00000| Untracked 
|  71|0x0000000086d00000, 0x0000000086d00000, 0x0000000086e00000|  0%| F|  |TAMS 0x0000000086d00000, 0x0000000086d00000| Untracked 
|  72|0x0000000086e00000, 0x0000000086e00000, 0x0000000086f00000|  0%| F|  |TAMS 0x0000000086e00000, 0x0000000086e00000| Untracked 
|  73|0x0000000086f00000, 0x0000000086f00000, 0x0000000087000000|  0%| F|  |TAMS 0x0000000086f00000, 0x0000000086f00000| Untracked 
|  74|0x0000000087000000, 0x0000000087000000, 0x0000000087100000|  0%| F|  |TAMS 0x0000000087000000, 0x0000000087000000| Untracked 
|  75|0x0000000087100000, 0x0000000087100000, 0x0000000087200000|  0%| F|  |TAMS 0x0000000087100000, 0x0000000087100000| Untracked 
|  76|0x0000000087200000, 0x0000000087200000, 0x0000000087300000|  0%| F|  |TAMS 0x0000000087200000, 0x0000000087200000| Untracked 
|  77|0x0000000087300000, 0x0000000087300000, 0x0000000087400000|  0%| F|  |TAMS 0x0000000087300000, 0x0000000087300000| Untracked 
|  78|0x0000000087400000, 0x0000000087400000, 0x0000000087500000|  0%| F|  |TAMS 0x0000000087400000, 0x0000000087400000| Untracked 
|  79|0x0000000087500000, 0x0000000087500000, 0x0000000087600000|  0%| F|  |TAMS 0x0000000087500000, 0x0000000087500000| Untracked 
|  80|0x0000000087600000, 0x0000000087600000, 0x0000000087700000|  0%| F|  |TAMS 0x0000000087600000, 0x0000000087600000| Untracked 
|  81|0x0000000087700000, 0x0000000087700000, 0x0000000087800000|  0%| F|  |TAMS 0x0000000087700000, 0x0000000087700000| Untracked 
|  82|0x0000000087800000, 0x0000000087800000, 0x0000000087900000|  0%| F|  |TAMS 0x0000000087800000, 0x0000000087800000| Untracked 
|  83|0x0000000087900000, 0x0000000087900000, 0x0000000087a00000|  0%| F|  |TAMS 0x0000000087900000, 0x0000000087900000| Untracked 
|  84|0x0000000087a00000, 0x0000000087a00000, 0x0000000087b00000|  0%| F|  |TAMS 0x0000000087a00000, 0x0000000087a00000| Untracked 
|  85|0x0000000087b00000, 0x0000000087b00000, 0x0000000087c00000|  0%| F|  |TAMS 0x0000000087b00000, 0x0000000087b00000| Untracked 
|  86|0x0000000087c00000, 0x0000000087c00000, 0x0000000087d00000|  0%| F|  |TAMS 0x0000000087c00000, 0x0000000087c00000| Untracked 
|  87|0x0000000087d00000, 0x0000000087d00000, 0x0000000087e00000|  0%| F|  |TAMS 0x0000000087d00000, 0x0000000087d00000| Untracked 
|  88|0x0000000087e00000, 0x0000000087e00000, 0x0000000087f00000|  0%| F|  |TAMS 0x0000000087e00000, 0x0000000087e00000| Untracked 
|  89|0x0000000087f00000, 0x0000000087f00000, 0x0000000088000000|  0%| F|  |TAMS 0x0000000087f00000, 0x0000000087f00000| Untracked 
|  90|0x0000000088000000, 0x0000000088000000, 0x0000000088100000|  0%| F|  |TAMS 0x0000000088000000, 0x0000000088000000| Untracked 
|  91|0x0000000088100000, 0x0000000088100000, 0x0000000088200000|  0%| F|  |TAMS 0x0000000088100000, 0x0000000088100000| Untracked 
|  92|0x0000000088200000, 0x0000000088200000, 0x0000000088300000|  0%| F|  |TAMS 0x0000000088200000, 0x0000000088200000| Untracked 
|  93|0x0000000088300000, 0x0000000088300000, 0x0000000088400000|  0%| F|  |TAMS 0x0000000088300000, 0x0000000088300000| Untracked 
|  94|0x0000000088400000, 0x0000000088400000, 0x0000000088500000|  0%| F|  |TAMS 0x0000000088400000, 0x0000000088400000| Untracked 
|  95|0x0000000088500000, 0x0000000088500000, 0x0000000088600000|  0%| F|  |TAMS 0x0000000088500000, 0x0000000088500000| Untracked 
|  96|0x0000000088600000, 0x0000000088600000, 0x0000000088700000|  0%| F|  |TAMS 0x0000000088600000, 0x0000000088600000| Untracked 
|  97|0x0000000088700000, 0x0000000088700000, 0x0000000088800000|  0%| F|  |TAMS 0x0000000088700000, 0x0000000088700000| Untracked 
|  98|0x0000000088800000, 0x0000000088800000, 0x0000000088900000|  0%| F|  |TAMS 0x0000000088800000, 0x0000000088800000| Untracked 
|  99|0x0000000088900000, 0x0000000088900000, 0x0000000088a00000|  0%| F|  |TAMS 0x0000000088900000, 0x0000000088900000| Untracked 
| 100|0x0000000088a00000, 0x0000000088a00000, 0x0000000088b00000|  0%| F|  |TAMS 0x0000000088a00000, 0x0000000088a00000| Untracked 
| 101|0x0000000088b00000, 0x0000000088b00000, 0x0000000088c00000|  0%| F|  |TAMS 0x0000000088b00000, 0x0000000088b00000| Untracked 
| 102|0x0000000088c00000, 0x0000000088c00000, 0x0000000088d00000|  0%| F|  |TAMS 0x0000000088c00000, 0x0000000088c00000| Untracked 
| 103|0x0000000088d00000, 0x0000000088d00000, 0x0000000088e00000|  0%| F|  |TAMS 0x0000000088d00000, 0x0000000088d00000| Untracked 
| 104|0x0000000088e00000, 0x0000000088e00000, 0x0000000088f00000|  0%| F|  |TAMS 0x0000000088e00000, 0x0000000088e00000| Untracked 
| 105|0x0000000088f00000, 0x0000000088fd7780, 0x0000000089000000| 84%| S|CS|TAMS 0x0000000088f00000, 0x0000000088f00000| Complete 
| 106|0x0000000089000000, 0x0000000089000000, 0x0000000089100000|  0%| F|  |TAMS 0x0000000089000000, 0x0000000089000000| Untracked 
| 107|0x0000000089100000, 0x0000000089100000, 0x0000000089200000|  0%| F|  |TAMS 0x0000000089100000, 0x0000000089100000| Untracked 
| 108|0x0000000089200000, 0x0000000089200000, 0x0000000089300000|  0%| F|  |TAMS 0x0000000089200000, 0x0000000089200000| Untracked 
| 109|0x0000000089300000, 0x0000000089300000, 0x0000000089400000|  0%| F|  |TAMS 0x0000000089300000, 0x0000000089300000| Untracked 
| 110|0x0000000089400000, 0x0000000089400000, 0x0000000089500000|  0%| F|  |TAMS 0x0000000089400000, 0x0000000089400000| Untracked 
| 111|0x0000000089500000, 0x0000000089500000, 0x0000000089600000|  0%| F|  |TAMS 0x0000000089500000, 0x0000000089500000| Untracked 
| 112|0x0000000089600000, 0x0000000089600000, 0x0000000089700000|  0%| F|  |TAMS 0x0000000089600000, 0x0000000089600000| Untracked 
| 113|0x0000000089700000, 0x0000000089700000, 0x0000000089800000|  0%| F|  |TAMS 0x0000000089700000, 0x0000000089700000| Untracked 
| 114|0x0000000089800000, 0x0000000089800800, 0x0000000089900000|  0%| E|  |TAMS 0x0000000089800000, 0x0000000089800000| Complete 
| 115|0x0000000089900000, 0x0000000089a00000, 0x0000000089a00000|100%| E|CS|TAMS 0x0000000089900000, 0x0000000089900000| Complete 
| 116|0x0000000089a00000, 0x0000000089b00000, 0x0000000089b00000|100%| E|CS|TAMS 0x0000000089a00000, 0x0000000089a00000| Complete 
| 117|0x0000000089b00000, 0x0000000089c00000, 0x0000000089c00000|100%| E|CS|TAMS 0x0000000089b00000, 0x0000000089b00000| Complete 
| 118|0x0000000089c00000, 0x0000000089d00000, 0x0000000089d00000|100%| E|CS|TAMS 0x0000000089c00000, 0x0000000089c00000| Complete 
| 119|0x0000000089d00000, 0x0000000089e00000, 0x0000000089e00000|100%| E|CS|TAMS 0x0000000089d00000, 0x0000000089d00000| Complete 
| 120|0x0000000089e00000, 0x0000000089f00000, 0x0000000089f00000|100%| E|CS|TAMS 0x0000000089e00000, 0x0000000089e00000| Complete 
| 121|0x0000000089f00000, 0x000000008a000000, 0x000000008a000000|100%| E|CS|TAMS 0x0000000089f00000, 0x0000000089f00000| Complete 
| 122|0x000000008a000000, 0x000000008a100000, 0x000000008a100000|100%| E|  |TAMS 0x000000008a000000, 0x000000008a000000| Complete 
| 123|0x000000008a100000, 0x000000008a200000, 0x000000008a200000|100%| E|CS|TAMS 0x000000008a100000, 0x000000008a100000| Complete 
| 124|0x000000008a200000, 0x000000008a300000, 0x000000008a300000|100%| E|CS|TAMS 0x000000008a200000, 0x000000008a200000| Complete 
| 125|0x000000008a300000, 0x000000008a400000, 0x000000008a400000|100%| E|CS|TAMS 0x000000008a300000, 0x000000008a300000| Complete 

Card table byte_map: [0x00000154c1450000,0x00000154c1840000] _byte_map_base: 0x00000154c103d000

Marking Bits (Prev, Next): (CMBitMap*) 0x00000154ba6dbb40, (CMBitMap*) 0x00000154ba6dbb80
 Prev Bits: [0x00000154c1c30000, 0x00000154c3b98000)
 Next Bits: [0x00000154c3ba0000, 0x00000154c5b08000)

Polling page: 0x00000154b9e50000

Metaspace:

Usage:
  Non-class:     16.74 MB used.
      Class:      2.15 MB used.
       Both:     18.89 MB used.

Virtual space:
  Non-class space:       24.00 MB reserved,      16.88 MB ( 70%) committed,  3 nodes.
      Class space:        1.00 GB reserved,       2.31 MB ( <1%) committed,  1 nodes.
             Both:        1.02 GB reserved,      19.19 MB (  2%) committed. 

Chunk freelists:
   Non-Class:  2.75 MB
       Class:  1.66 MB
        Both:  4.41 MB

MaxMetaspaceSize: unlimited
CompressedClassSpaceSize: 1.00 GB
Initial GC threshold: 21.00 MB
Current GC threshold: 21.00 MB
CDS: off
MetaspaceReclaimPolicy: balanced
 - commit_granule_bytes: 65536.
 - commit_granule_words: 8192.
 - virtual_space_node_default_size: 1048576.
 - enlarge_chunks_in_place: 1.
 - new_chunks_are_fully_committed: 0.
 - uncommit_free_chunks: 1.
 - use_allocation_guard: 0.
 - handle_deallocations: 1.


Internal statistics:

num_allocs_failed_limit: 0.
num_arena_births: 290.
num_arena_deaths: 0.
num_vsnodes_births: 4.
num_vsnodes_deaths: 0.
num_space_committed: 307.
num_space_uncommitted: 0.
num_chunks_returned_to_freelist: 0.
num_chunks_taken_from_freelist: 598.
num_chunk_merges: 0.
num_chunk_splits: 353.
num_chunks_enlarged: 207.
num_purges: 0.
num_inconsistent_stats: 0.

CodeCache: size=49152Kb used=5788Kb max_used=5788Kb free=43363Kb
 bounds [0x00000154bdd30000, 0x00000154be2e0000, 0x00000154c0d30000]
 total_blobs=2444 nmethods=1985 adapters=383
 compilation: enabled
              stopped_count=0, restarted_count=0
 full_count=0

Compilation events (20 events):
Event: 2.931 Thread 0x00000154c94574b0 nmethod 1967 0x00000154be2ce910 code [0x00000154be2ceaa0, 0x00000154be2ceb78]
Event: 2.931 Thread 0x00000154c9e5a860 nmethod 1968 0x00000154be2cec10 code [0x00000154be2ceda0, 0x00000154be2ceee8]
Event: 2.931 Thread 0x00000154c9e5a860 1969       1       java.time.Instant::<init> (15 bytes)
Event: 2.931 Thread 0x00000154c966fa80 1970       1       java.time.Instant::ofEpochSecond (31 bytes)
Event: 2.931 Thread 0x00000154c9653500 1971       1       java.time.Instant::create (49 bytes)
Event: 2.931 Thread 0x00000154c94574b0 1972       1       java.time.Clock::currentInstant (84 bytes)
Event: 2.932 Thread 0x00000154c9e5a860 nmethod 1969 0x00000154be2cf410 code [0x00000154be2cf5a0, 0x00000154be2cf678]
Event: 2.932 Thread 0x00000154c9653500 nmethod 1971 0x00000154be2cf710 code [0x00000154be2cf8c0, 0x00000154be2cfac8]
Event: 2.932 Thread 0x00000154c9e5a860 1974       1       jdk.internal.org.objectweb.asm.Frame::merge (395 bytes)
Event: 2.933 Thread 0x00000154c966fa80 nmethod 1970 0x00000154be2cfb90 code [0x00000154be2cfd40, 0x00000154be2cfff8]
Event: 2.933 Thread 0x00000154c94574b0 nmethod 1972 0x00000154be2d0190 code [0x00000154be2d03c0, 0x00000154be2d0a08]
Event: 2.933 Thread 0x00000154c94574b0 1975       1       java.util.ArrayDeque::<init> (35 bytes)
Event: 2.933 Thread 0x00000154c966fa80 1978       1       org.springframework.boot.context.properties.source.SpringIterableConfigurationPropertySource$Mappings::updateMappings (261 bytes)
Event: 2.933 Thread 0x00000154c9653500 1976   !   1       org.springframework.boot.context.properties.source.SpringIterableConfigurationPropertySource$Mappings::updateMappings (46 bytes)
Event: 2.933 Thread 0x00000154c94574b0 nmethod 1975 0x00000154be2d0d10 code [0x00000154be2d0ea0, 0x00000154be2d1078]
Event: 2.933 Thread 0x00000154c94574b0 1977       1       org.springframework.boot.context.properties.source.SpringIterableConfigurationPropertySource$$Lambda$206/0x000000010021e560::get (8 bytes)
Event: 2.933 Thread 0x00000154c94574b0 nmethod 1977 0x00000154be2d1110 code [0x00000154be2d12a0, 0x00000154be2d1388]
Event: 2.933 Thread 0x00000154c9e5a860 nmethod 1974 0x00000154be2d1410 code [0x00000154be2d1660, 0x00000154be2d1f78]
Event: 2.933 Thread 0x00000154c9653500 nmethod 1976 0x00000154be2d2590 code [0x00000154be2d2740, 0x00000154be2d2938]
Event: 2.935 Thread 0x00000154c966fa80 nmethod 1978 0x00000154be2d2a90 code [0x00000154be2d2da0, 0x00000154be2d3c68]

GC Heap History (4 events):
Event: 2.431 GC heap before
{Heap before GC invocations=0 (full 0):
 garbage-first heap   total 129024K, used 25600K [0x0000000082600000, 0x0000000100000000)
  region size 1024K, 23 young (23552K), 0 survivors (0K)
 Metaspace       used 15136K, committed 15296K, reserved 1064960K
  class space    used 1581K, committed 1664K, reserved 1048576K
}
Event: 2.438 GC heap after
{Heap after GC invocations=1 (full 0):
 garbage-first heap   total 129024K, used 10427K [0x0000000082600000, 0x0000000100000000)
  region size 1024K, 3 young (3072K), 3 survivors (3072K)
 Metaspace       used 15136K, committed 15296K, reserved 1064960K
  class space    used 1581K, committed 1664K, reserved 1048576K
}
Event: 2.753 GC heap before
{Heap before GC invocations=1 (full 0):
 garbage-first heap   total 129024K, used 30907K [0x0000000082600000, 0x0000000100000000)
  region size 1024K, 23 young (23552K), 3 survivors (3072K)
 Metaspace       used 17627K, committed 17920K, reserved 1073152K
  class space    used 1924K, committed 2048K, reserved 1048576K
}
Event: 2.756 GC heap after
{Heap after GC invocations=2 (full 0):
 garbage-first heap   total 129024K, used 11673K [0x0000000082600000, 0x0000000100000000)
  region size 1024K, 1 young (1024K), 1 survivors (1024K)
 Metaspace       used 17627K, committed 17920K, reserved 1073152K
  class space    used 1924K, committed 2048K, reserved 1048576K
}

Deoptimization events (4 events):
Event: 0.215 Thread 0x00000154ba69a270 DEOPT PACKING pc=0x00000154bdfb3ae5 sp=0x00000019d89fc8b0
Event: 0.215 Thread 0x00000154ba69a270 DEOPT UNPACKING pc=0x00000154bdd82b43 sp=0x00000019d89fbe10 mode 3
Event: 2.483 Thread 0x00000154ba69a270 DEOPT PACKING pc=0x00000154be01de75 sp=0x00000019d89fd950
Event: 2.483 Thread 0x00000154ba69a270 DEOPT UNPACKING pc=0x00000154bdd82b43 sp=0x00000019d89fcda8 mode 3

Classes unloaded (0 events):
No events

Classes redefined (0 events):
No events

Internal exceptions (20 events):
Event: 2.679 Thread 0x00000154caddb630 Exception <a 'java/lang/NoSuchMethodError'{0x00000000893eab88}: 'java.lang.Object java.lang.invoke.DirectMethodHandle$Holder.newInvokeSpecial(java.lang.Object, java.lang.Object, java.lang.Object, java.lang.Object, java.lang.Object)'> (0x00000000893eab88) 
thrown [e:\jenkins\tmp\workspace\build\src\src\hotspot\share\interpreter\linkResolver.cpp, line 766]
Event: 2.688 Thread 0x00000154caddb630 Exception <a 'java/lang/NoSuchMethodError'{0x0000000089234160}: 'java.lang.Object java.lang.invoke.DirectMethodHandle$Holder.invokeStaticInit(java.lang.Object, java.lang.Object, java.lang.Object)'> (0x0000000089234160) 
thrown [e:\jenkins\tmp\workspace\build\src\src\hotspot\share\interpreter\linkResolver.cpp, line 766]
Event: 2.696 Thread 0x00000154caddb630 Exception <a 'java/lang/IncompatibleClassChangeError'{0x00000000892b2f88}: Found class java.lang.Object, but interface was expected> (0x00000000892b2f88) 
thrown [e:\jenkins\tmp\workspace\build\src\src\hotspot\share\interpreter\linkResolver.cpp, line 833]
Event: 2.708 Thread 0x00000154caddb630 Exception <a 'sun/nio/fs/WindowsException'{0x0000000089132f80}> (0x0000000089132f80) 
thrown [e:\jenkins\tmp\workspace\build\src\src\hotspot\share\prims\jni.cpp, line 516]
Event: 2.810 Thread 0x00000154caddb630 Exception <a 'java/lang/NoSuchMethodError'{0x000000008a03b1f8}: 'int java.lang.invoke.DirectMethodHandle$Holder.invokeStatic(java.lang.Object, java.lang.Object, java.lang.Object, java.lang.Object)'> (0x000000008a03b1f8) 
thrown [e:\jenkins\tmp\workspace\build\src\src\hotspot\share\interpreter\linkResolver.cpp, line 766]
Event: 2.810 Thread 0x00000154caddb630 Exception <a 'java/lang/NoSuchMethodError'{0x000000008a03eb78}: 'java.lang.Object java.lang.invoke.Invokers$Holder.invokeExact_MT(java.lang.Object, java.lang.Object, java.lang.Object, java.lang.Object, java.lang.Object, java.lang.Object)'> (0x000000008a03eb78) 
thrown [e:\jenkins\tmp\workspace\build\src\src\hotspot\share\interpreter\linkResolver.cpp, line 766]
Event: 2.840 Thread 0x00000154caddb630 Exception <a 'java/lang/NoSuchMethodError'{0x0000000089fffac0}: 'java.lang.Object java.lang.invoke.DirectMethodHandle$Holder.newInvokeSpecial(java.lang.Object, java.lang.Object, java.lang.Object, java.lang.Object, java.lang.Object, java.lang.Object, java.lang.Object)'> (0x0000000089fffac0) 
thrown [e:\jenkins\tmp\workspace\build\src\src\hotspot\share\interpreter\linkResolver.cpp, line 766]
Event: 2.841 Thread 0x00000154caddb630 Exception <a 'java/lang/NoSuchMethodError'{0x0000000089e044b8}: 'java.lang.Object java.lang.invoke.Invokers$Holder.linkToTargetMethod(java.lang.Object, java.lang.Object, java.lang.Object, java.lang.Object, java.lang.Object, java.lang.Object, java.lang.Object)'> (0x0000000089e044b8) 
thrown [e:\jenkins\tmp\workspace\build\src\src\hotspot\share\interpreter\linkResolver.cpp, line 766]
Event: 2.843 Thread 0x00000154caddb630 Exception <a 'java/lang/NoSuchMethodError'{0x0000000089e21f50}: 'void java.lang.invoke.DirectMethodHandle$Holder.invokeStaticInit(java.lang.Object, java.lang.Object)'> (0x0000000089e21f50) 
thrown [e:\jenkins\tmp\workspace\build\src\src\hotspot\share\interpreter\linkResolver.cpp, line 766]
Event: 2.854 Thread 0x00000154caddb630 Exception <a 'java/lang/NoSuchMethodError'{0x0000000089ece328}: 'java.lang.Object java.lang.invoke.DirectMethodHandle$Holder.invokeSpecial(java.lang.Object, java.lang.Object, java.lang.Object, java.lang.Object, java.lang.Object, java.lang.Object, int)'> (0x0000000089ece328) 
thrown [e:\jenkins\tmp\workspace\build\src\src\hotspot\share\interpreter\linkResolver.cpp, line 766]
Event: 2.855 Thread 0x00000154caddb630 Exception <a 'java/lang/NoSuchMethodError'{0x0000000089ed8890}: 'java.lang.Object java.lang.invoke.DirectMethodHandle$Holder.newInvokeSpecial(java.lang.Object, java.lang.Object, java.lang.Object, java.lang.Object, java.lang.Object, java.lang.Object, int)'> (0x0000000089ed8890) 
thrown [e:\jenkins\tmp\workspace\build\src\src\hotspot\share\interpreter\linkResolver.cpp, line 766]
Event: 2.856 Thread 0x00000154caddb630 Exception <a 'java/lang/NoSuchMethodError'{0x0000000089edd8d0}: 'java.lang.Object java.lang.invoke.DirectMethodHandle$Holder.invokeSpecial(java.lang.Object, java.lang.Object, java.lang.Object, java.lang.Object, java.lang.Object, java.lang.Object, java.lang.Object, int)'> (0x0000000089edd8d0) 
thrown [e:\jenkins\tmp\workspace\build\src\src\hotspot\share\interpreter\linkResolver.cpp, line 766]
Event: 2.898 Thread 0x00000154caddb630 Exception <a 'java/lang/NoSuchMethodError'{0x0000000089b46368}: 'java.lang.Object java.lang.invoke.DirectMethodHandle$Holder.invokeSpecial(java.lang.Object, java.lang.Object, java.lang.Object, int, java.lang.Object)'> (0x0000000089b46368) 
thrown [e:\jenkins\tmp\workspace\build\src\src\hotspot\share\interpreter\linkResolver.cpp, line 766]
Event: 2.898 Thread 0x00000154caddb630 Exception <a 'java/lang/NoSuchMethodError'{0x0000000089b4e8d0}: 'java.lang.Object java.lang.invoke.DirectMethodHandle$Holder.newInvokeSpecial(java.lang.Object, java.lang.Object, java.lang.Object, int, java.lang.Object)'> (0x0000000089b4e8d0) 
thrown [e:\jenkins\tmp\workspace\build\src\src\hotspot\share\interpreter\linkResolver.cpp, line 766]
Event: 2.899 Thread 0x00000154caddb630 Exception <a 'java/lang/NoSuchMethodError'{0x0000000089b65920}: 'java.lang.Object java.lang.invoke.DirectMethodHandle$Holder.newInvokeSpecial(java.lang.Object, int, java.lang.Object)'> (0x0000000089b65920) 
thrown [e:\jenkins\tmp\workspace\build\src\src\hotspot\share\interpreter\linkResolver.cpp, line 766]
Event: 2.899 Thread 0x00000154caddb630 Exception <a 'java/lang/NoSuchMethodError'{0x0000000089b698f0}: 'int java.lang.invoke.DirectMethodHandle$Holder.invokeSpecialIFC(java.lang.Object, java.lang.Object, java.lang.Object, java.lang.Object)'> (0x0000000089b698f0) 
thrown [e:\jenkins\tmp\workspace\build\src\src\hotspot\share\interpreter\linkResolver.cpp, line 766]
Event: 2.912 Thread 0x00000154caddb630 Exception <a 'java/lang/NoSuchMethodError'{0x0000000089a3f8a8}: 'void java.lang.invoke.DirectMethodHandle$Holder.invokeInterface(java.lang.Object, java.lang.Object, java.lang.Object)'> (0x0000000089a3f8a8) 
thrown [e:\jenkins\tmp\workspace\build\src\src\hotspot\share\interpreter\linkResolver.cpp, line 766]
Event: 2.925 Thread 0x00000154caddb630 Exception <a 'java/lang/NoSuchMethodError'{0x0000000089af3b58}: 'java.lang.Object java.lang.invoke.DirectMethodHandle$Holder.invokeStatic(java.lang.Object, java.lang.Object, int)'> (0x0000000089af3b58) 
thrown [e:\jenkins\tmp\workspace\build\src\src\hotspot\share\interpreter\linkResolver.cpp, line 766]
Event: 2.925 Thread 0x00000154caddb630 Exception <a 'java/lang/NoSuchMethodError'{0x0000000089aff570}: 'void java.lang.invoke.DelegatingMethodHandle$Holder.delegate(java.lang.Object, java.lang.Object, int, java.lang.Object)'> (0x0000000089aff570) 
thrown [e:\jenkins\tmp\workspace\build\src\src\hotspot\share\interpreter\linkResolver.cpp, line 766]
Event: 2.937 Thread 0x00000154caddb630 Exception <a 'java/lang/Error'{0x00000000899999f8}: IP Helper Library GetIpAddrTable function failed> (0x00000000899999f8) 
thrown [e:\jenkins\tmp\workspace\build\src\src\hotspot\share\prims\jni.cpp, line 535]

VM Operations (20 events):
Event: 1.046 Executing VM operation: HandshakeAllThreads
Event: 1.046 Executing VM operation: HandshakeAllThreads done
Event: 1.046 Executing VM operation: Cleanup
Event: 1.046 Executing VM operation: Cleanup done
Event: 1.112 Executing VM operation: HandshakeAllThreads
Event: 1.112 Executing VM operation: HandshakeAllThreads done
Event: 1.118 Executing VM operation: HandshakeAllThreads
Event: 1.118 Executing VM operation: HandshakeAllThreads done
Event: 2.118 Executing VM operation: Cleanup
Event: 2.118 Executing VM operation: Cleanup done
Event: 2.431 Executing VM operation: G1CollectForAllocation
Event: 2.438 Executing VM operation: G1CollectForAllocation done
Event: 2.709 Executing VM operation: HandshakeAllThreads
Event: 2.709 Executing VM operation: HandshakeAllThreads done
Event: 2.753 Executing VM operation: G1CollectForAllocation
Event: 2.756 Executing VM operation: G1CollectForAllocation done
Event: 2.884 Executing VM operation: HandshakeAllThreads
Event: 2.884 Executing VM operation: HandshakeAllThreads done
Event: 2.935 Executing VM operation: HandshakeAllThreads
Event: 2.935 Executing VM operation: HandshakeAllThreads done

Events (20 events):
Event: 2.926 loading class java/util/Collections$CopiesList
Event: 2.926 loading class java/util/Collections$CopiesList done
Event: 2.926 loading class java/lang/invoke/MethodHandleImpl$WrappedMember
Event: 2.927 loading class java/lang/invoke/MethodHandleImpl$WrappedMember done
Event: 2.928 loading class java/beans/Introspector
Event: 2.928 loading class java/beans/Introspector done
Event: 2.928 loading class java/beans/EventSetDescriptor
Event: 2.928 loading class java/beans/FeatureDescriptor
Event: 2.929 loading class java/beans/FeatureDescriptor done
Event: 2.929 loading class java/beans/EventSetDescriptor done
Event: 2.929 loading class java/beans/Introspector$1
Event: 2.929 loading class jdk/internal/access/JavaBeansAccess
Event: 2.929 loading class jdk/internal/access/JavaBeansAccess done
Event: 2.929 loading class java/beans/Introspector$1 done
Event: 2.931 loading class java/util/AbstractList$ListItr
Event: 2.931 loading class java/util/AbstractList$ListItr done
Event: 2.934 loading class java/util/concurrent/Executors$FinalizableDelegatedExecutorService
Event: 2.934 loading class java/util/concurrent/Executors$DelegatedExecutorService
Event: 2.934 loading class java/util/concurrent/Executors$DelegatedExecutorService done
Event: 2.934 loading class java/util/concurrent/Executors$FinalizableDelegatedExecutorService done


Dynamic libraries:
0x00007ff727d20000 - 0x00007ff727d2e000 	F:\spring-tool-suite-4-4.14.1.RELEASE-e4.23.0-win32.win32.x86_64.self-extracting\sts-4.14.1.RELEASE\plugins\org.eclipse.justj.openjdk.hotspot.jre.full.win32.x86_64_17.0.2.v20220201-1208\jre\bin\javaw.exe
0x00007fff6d7f0000 - 0x00007fff6da07000 	C:\WINDOWS\SYSTEM32\ntdll.dll
0x00007fff6c260000 - 0x00007fff6c324000 	C:\WINDOWS\System32\KERNEL32.DLL
0x00007fff6af40000 - 0x00007fff6b2ec000 	C:\WINDOWS\System32\KERNELBASE.dll
0x00007fff6ad30000 - 0x00007fff6ae41000 	C:\WINDOWS\System32\ucrtbase.dll
0x00007fff4eba0000 - 0x00007fff4ebb8000 	F:\spring-tool-suite-4-4.14.1.RELEASE-e4.23.0-win32.win32.x86_64.self-extracting\sts-4.14.1.RELEASE\plugins\org.eclipse.justj.openjdk.hotspot.jre.full.win32.x86_64_17.0.2.v20220201-1208\jre\bin\jli.dll
0x00007fff58a50000 - 0x00007fff58a69000 	F:\spring-tool-suite-4-4.14.1.RELEASE-e4.23.0-win32.win32.x86_64.self-extracting\sts-4.14.1.RELEASE\plugins\org.eclipse.justj.openjdk.hotspot.jre.full.win32.x86_64_17.0.2.v20220201-1208\jre\bin\VCRUNTIME140.dll
0x00007fff6be50000 - 0x00007fff6bffe000 	C:\WINDOWS\System32\USER32.dll
0x00007fff6ae50000 - 0x00007fff6ae76000 	C:\WINDOWS\System32\win32u.dll
0x00007fff58e50000 - 0x00007fff590e3000 	C:\WINDOWS\WinSxS\amd64_microsoft.windows.common-controls_6595b64144ccf1df_6.0.22621.3672_none_2713b9d173822955\COMCTL32.dll
0x00007fff6ba90000 - 0x00007fff6bab9000 	C:\WINDOWS\System32\GDI32.dll
0x00007fff6d420000 - 0x00007fff6d4c7000 	C:\WINDOWS\System32\msvcrt.dll
0x00007fff6b360000 - 0x00007fff6b479000 	C:\WINDOWS\System32\gdi32full.dll
0x00007fff6ac90000 - 0x00007fff6ad2a000 	C:\WINDOWS\System32\msvcp_win.dll
0x00007fff6b9d0000 - 0x00007fff6ba01000 	C:\WINDOWS\System32\IMM32.DLL
0x00007fff58a40000 - 0x00007fff58a4c000 	F:\spring-tool-suite-4-4.14.1.RELEASE-e4.23.0-win32.win32.x86_64.self-extracting\sts-4.14.1.RELEASE\plugins\org.eclipse.justj.openjdk.hotspot.jre.full.win32.x86_64_17.0.2.v20220201-1208\jre\bin\vcruntime140_1.dll
0x00007fff1eab0000 - 0x00007fff1eb41000 	F:\spring-tool-suite-4-4.14.1.RELEASE-e4.23.0-win32.win32.x86_64.self-extracting\sts-4.14.1.RELEASE\plugins\org.eclipse.justj.openjdk.hotspot.jre.full.win32.x86_64_17.0.2.v20220201-1208\jre\bin\msvcp140.dll
0x00007ffef3b90000 - 0x00007ffef47d7000 	F:\spring-tool-suite-4-4.14.1.RELEASE-e4.23.0-win32.win32.x86_64.self-extracting\sts-4.14.1.RELEASE\plugins\org.eclipse.justj.openjdk.hotspot.jre.full.win32.x86_64_17.0.2.v20220201-1208\jre\bin\server\jvm.dll
0x00007fff6bc70000 - 0x00007fff6bd22000 	C:\WINDOWS\System32\ADVAPI32.dll
0x00007fff6d4d0000 - 0x00007fff6d57a000 	C:\WINDOWS\System32\sechost.dll
0x00007fff6b500000 - 0x00007fff6b528000 	C:\WINDOWS\System32\bcrypt.dll
0x00007fff6bd30000 - 0x00007fff6be45000 	C:\WINDOWS\System32\RPCRT4.dll
0x00007fff6c5c0000 - 0x00007fff6c5c8000 	C:\WINDOWS\System32\PSAPI.DLL
0x00007fff51fc0000 - 0x00007fff51fc9000 	C:\WINDOWS\SYSTEM32\WSOCK32.dll
0x00007fff60b20000 - 0x00007fff60b2a000 	C:\WINDOWS\SYSTEM32\VERSION.dll
0x00007fff62440000 - 0x00007fff62474000 	C:\WINDOWS\SYSTEM32\WINMM.dll
0x00007fff6d650000 - 0x00007fff6d6c1000 	C:\WINDOWS\System32\WS2_32.dll
0x00007fff69b50000 - 0x00007fff69b68000 	C:\WINDOWS\SYSTEM32\kernel.appcore.dll
0x00007fff64860000 - 0x00007fff6486a000 	F:\spring-tool-suite-4-4.14.1.RELEASE-e4.23.0-win32.win32.x86_64.self-extracting\sts-4.14.1.RELEASE\plugins\org.eclipse.justj.openjdk.hotspot.jre.full.win32.x86_64_17.0.2.v20220201-1208\jre\bin\jimage.dll
0x00007fff560e0000 - 0x00007fff56312000 	C:\WINDOWS\SYSTEM32\DBGHELP.DLL
0x00007fff6c7e0000 - 0x00007fff6cb68000 	C:\WINDOWS\System32\combase.dll
0x00007fff6d6d0000 - 0x00007fff6d7a7000 	C:\WINDOWS\System32\OLEAUT32.dll
0x00007fff54790000 - 0x00007fff547c2000 	C:\WINDOWS\SYSTEM32\dbgcore.DLL
0x00007fff6b480000 - 0x00007fff6b4fb000 	C:\WINDOWS\System32\bcryptPrimitives.dll
0x00007fff4eb70000 - 0x00007fff4eb95000 	F:\spring-tool-suite-4-4.14.1.RELEASE-e4.23.0-win32.win32.x86_64.self-extracting\sts-4.14.1.RELEASE\plugins\org.eclipse.justj.openjdk.hotspot.jre.full.win32.x86_64_17.0.2.v20220201-1208\jre\bin\java.dll
0x00007fff4eb50000 - 0x00007fff4eb68000 	F:\spring-tool-suite-4-4.14.1.RELEASE-e4.23.0-win32.win32.x86_64.self-extracting\sts-4.14.1.RELEASE\plugins\org.eclipse.justj.openjdk.hotspot.jre.full.win32.x86_64_17.0.2.v20220201-1208\jre\bin\zip.dll
0x00007fff6cb70000 - 0x00007fff6d3cc000 	C:\WINDOWS\System32\SHELL32.dll
0x00007fff68a70000 - 0x00007fff69367000 	C:\WINDOWS\SYSTEM32\windows.storage.dll
0x00007fff68930000 - 0x00007fff68a6f000 	C:\WINDOWS\SYSTEM32\wintypes.dll
0x00007fff6c6d0000 - 0x00007fff6c7c4000 	C:\WINDOWS\System32\SHCORE.dll
0x00007fff6d580000 - 0x00007fff6d5de000 	C:\WINDOWS\System32\shlwapi.dll
0x00007fff6aa50000 - 0x00007fff6aa71000 	C:\WINDOWS\SYSTEM32\profapi.dll
0x00007fff4eb30000 - 0x00007fff4eb49000 	F:\spring-tool-suite-4-4.14.1.RELEASE-e4.23.0-win32.win32.x86_64.self-extracting\sts-4.14.1.RELEASE\plugins\org.eclipse.justj.openjdk.hotspot.jre.full.win32.x86_64_17.0.2.v20220201-1208\jre\bin\net.dll
0x00007fff62c90000 - 0x00007fff62dc6000 	C:\WINDOWS\SYSTEM32\WINHTTP.dll
0x00007fff69fc0000 - 0x00007fff6a029000 	C:\WINDOWS\system32\mswsock.dll
0x00007fff4eb10000 - 0x00007fff4eb25000 	F:\spring-tool-suite-4-4.14.1.RELEASE-e4.23.0-win32.win32.x86_64.self-extracting\sts-4.14.1.RELEASE\plugins\org.eclipse.justj.openjdk.hotspot.jre.full.win32.x86_64_17.0.2.v20220201-1208\jre\bin\nio.dll
0x00007fff4ea10000 - 0x00007fff4ea19000 	F:\spring-tool-suite-4-4.14.1.RELEASE-e4.23.0-win32.win32.x86_64.self-extracting\sts-4.14.1.RELEASE\plugins\org.eclipse.justj.openjdk.hotspot.jre.full.win32.x86_64_17.0.2.v20220201-1208\jre\bin\management.dll
0x00007fff4ea00000 - 0x00007fff4ea0b000 	F:\spring-tool-suite-4-4.14.1.RELEASE-e4.23.0-win32.win32.x86_64.self-extracting\sts-4.14.1.RELEASE\plugins\org.eclipse.justj.openjdk.hotspot.jre.full.win32.x86_64_17.0.2.v20220201-1208\jre\bin\management_ext.dll
0x00007fff4f170000 - 0x00007fff4f187000 	C:\WINDOWS\system32\napinsp.dll
0x00007fff4ef10000 - 0x00007fff4ef2b000 	C:\WINDOWS\system32\pnrpnsp.dll
0x00007fff4ee90000 - 0x00007fff4eeb7000 	C:\WINDOWS\system32\nlansp_c.dll
0x00007fff69640000 - 0x00007fff69738000 	C:\WINDOWS\SYSTEM32\DNSAPI.dll
0x00007fff695d0000 - 0x00007fff695fd000 	C:\WINDOWS\SYSTEM32\IPHLPAPI.DLL
0x00007fff6c250000 - 0x00007fff6c259000 	C:\WINDOWS\System32\NSI.dll
0x00007fff4ee70000 - 0x00007fff4ee81000 	C:\WINDOWS\System32\winrnr.dll
0x00007fff628d0000 - 0x00007fff628e5000 	C:\WINDOWS\system32\wshbth.dll
0x00007fff5ab50000 - 0x00007fff5ab5a000 	C:\Windows\System32\rasadhlp.dll
0x00007fff61c60000 - 0x00007fff61ce3000 	C:\WINDOWS\System32\fwpuclnt.dll
0x00007fff6a230000 - 0x00007fff6a24b000 	C:\WINDOWS\SYSTEM32\CRYPTSP.dll
0x00007fff69ab0000 - 0x00007fff69ae5000 	C:\WINDOWS\system32\rsaenh.dll
0x00007fff6a0c0000 - 0x00007fff6a0e8000 	C:\WINDOWS\SYSTEM32\USERENV.dll
0x00007fff6a220000 - 0x00007fff6a22c000 	C:\WINDOWS\SYSTEM32\CRYPTBASE.dll
0x00007fff62a50000 - 0x00007fff62a69000 	C:\WINDOWS\SYSTEM32\dhcpcsvc6.DLL
0x00007fff62a30000 - 0x00007fff62a4f000 	C:\WINDOWS\SYSTEM32\dhcpcsvc.DLL

dbghelp: loaded successfully - version: 4.0.5 - missing functions: none
symbol engine: initialized successfully - sym options: 0x614 - pdb path: .;F:\spring-tool-suite-4-4.14.1.RELEASE-e4.23.0-win32.win32.x86_64.self-extracting\sts-4.14.1.RELEASE\plugins\org.eclipse.justj.openjdk.hotspot.jre.full.win32.x86_64_17.0.2.v20220201-1208\jre\bin;C:\WINDOWS\SYSTEM32;C:\WINDOWS\WinSxS\amd64_microsoft.windows.common-controls_6595b64144ccf1df_6.0.22621.3672_none_2713b9d173822955;F:\spring-tool-suite-4-4.14.1.RELEASE-e4.23.0-win32.win32.x86_64.self-extracting\sts-4.14.1.RELEASE\plugins\org.eclipse.justj.openjdk.hotspot.jre.full.win32.x86_64_17.0.2.v20220201-1208\jre\bin\server

VM Arguments:
jvm_args: -Dcom.sun.management.jmxremote -Dcom.sun.management.jmxremote.port=58440 -Dcom.sun.management.jmxremote.authenticate=false -Dcom.sun.management.jmxremote.ssl=false -Djava.rmi.server.hostname=localhost -Dspring.jmx.enabled=true -Dspring.application.admin.enabled=true -XX:TieredStopAtLevel=1 -Dspring.boot.project.name=event-management-service -Dfile.encoding=UTF-8 -XX:+ShowCodeDetailsInExceptionMessages 
java_command: com.ticketplaza.microservice.eventmanagement.EventServiceApplication --spring.output.ansi.enabled=always
java_class_path (initial): F:\Git\TicketPlaza_Booking_Application\event-management-service\target\classes;C:\Users\mrush\.m2\repository\org\springframework\boot\spring-boot-starter-data-jpa\3.2.5\spring-boot-starter-data-jpa-3.2.5.jar;C:\Users\mrush\.m2\repository\org\springframework\boot\spring-boot-starter-aop\3.2.5\spring-boot-starter-aop-3.2.5.jar;C:\Users\mrush\.m2\repository\org\springframework\spring-aop\6.1.6\spring-aop-6.1.6.jar;C:\Users\mrush\.m2\repository\org\aspectj\aspectjweaver\1.9.22\aspectjweaver-1.9.22.jar;C:\Users\mrush\.m2\repository\org\springframework\boot\spring-boot-starter-jdbc\3.2.5\spring-boot-starter-jdbc-3.2.5.jar;C:\Users\mrush\.m2\repository\com\zaxxer\HikariCP\5.0.1\HikariCP-5.0.1.jar;C:\Users\mrush\.m2\repository\org\springframework\spring-jdbc\6.1.6\spring-jdbc-6.1.6.jar;C:\Users\mrush\.m2\repository\org\hibernate\orm\hibernate-core\6.4.4.Final\hibernate-core-6.4.4.Final.jar;C:\Users\mrush\.m2\repository\jakarta\persistence\jakarta.persistence-api\3.1.0\jakarta.persistence-api-3.1.0.jar;C:\Users\mrush\.m2\repository\jakarta\transaction\jakarta.transaction-api\2.0.1\jakarta.transaction-api-2.0.1.jar;C:\Users\mrush\.m2\repository\org\jboss\logging\jboss-logging\3.5.3.Final\jboss-logging-3.5.3.Final.jar;C:\Users\mrush\.m2\repository\org\hibernate\common\hibernate-commons-annotations\6.0.6.Final\hibernate-commons-annotations-6.0.6.Final.jar;C:\Users\mrush\.m2\repository\io\smallrye\jandex\3.1.2\jandex-3.1.2.jar;C:\Users\mrush\.m2\repository\com\fasterxml\classmate\1.6.0\classmate-1.6.0.jar;C:\Users\mrush\.m2\repository\net\bytebuddy\byte-buddy\1.14.13\byte-buddy-1.14.13.jar;C:\Users\mrush\.m2\repository\org\glassfish\jaxb\jaxb-runtime\4.0.5\jaxb-runtime-4.0.5.jar;C:\Users\mrush\.m2\repository\org\glassfish\jaxb\jaxb-core\4.0.5\jaxb-core-4.0.5.jar;C:\Users\mrush\.m2\repository\org\eclipse\angus\angus-activation\2.0.2\angus-activation-2.0.2.jar;C:\Users\mrush\.m2\repository\org\glassfish\jaxb\txw2\4.0.5\txw2-4.0.5.jar;C:\Users\mrush\.m2
Launcher Type: SUN_STANDARD

[Global flags]
     intx CICompilerCount                          = 4                                         {product} {ergonomic}
     uint ConcGCThreads                            = 3                                         {product} {ergonomic}
     uint G1ConcRefinementThreads                  = 10                                        {product} {ergonomic}
   size_t G1HeapRegionSize                         = 1048576                                   {product} {ergonomic}
    uintx GCDrainStackTargetSize                   = 64                                        {product} {ergonomic}
   size_t InitialHeapSize                          = 132120576                                 {product} {ergonomic}
     bool ManagementServer                         = true                                      {product} {command line}
   size_t MarkStackSize                            = 4194304                                   {product} {ergonomic}
   size_t MaxHeapSize                              = 2107637760                                {product} {ergonomic}
   size_t MaxNewSize                               = 1264582656                                {product} {ergonomic}
   size_t MinHeapDeltaBytes                        = 1048576                                   {product} {ergonomic}
   size_t MinHeapSize                              = 8388608                                   {product} {ergonomic}
    uintx NonProfiledCodeHeapSize                  = 0                                      {pd product} {ergonomic}
     bool ProfileInterpreter                       = false                                  {pd product} {command line}
    uintx ProfiledCodeHeapSize                     = 0                                      {pd product} {ergonomic}
     bool ShowCodeDetailsInExceptionMessages       = true                                   {manageable} {command line}
   size_t SoftMaxHeapSize                          = 2107637760                             {manageable} {ergonomic}
     intx TieredStopAtLevel                        = 1                                         {product} {command line}
     bool UseCompressedClassPointers               = true                           {product lp64_product} {ergonomic}
     bool UseCompressedOops                        = true                           {product lp64_product} {ergonomic}
     bool UseG1GC                                  = true                                      {product} {ergonomic}
     bool UseLargePagesIndividualAllocation        = false                                  {pd product} {ergonomic}

Logging:
Log output configuration:
 #0: stdout all=warning uptime,level,tags
 #1: stderr all=off uptime,level,tags

Environment Variables:
JAVA_HOME=C:\Program Files\Java\jdk1.8.0_241
PATH=F:/spring-tool-suite-4-4.14.1.RELEASE-e4.23.0-win32.win32.x86_64.self-extracting/sts-4.14.1.RELEASE//plugins/org.eclipse.justj.openjdk.hotspot.jre.full.win32.x86_64_17.0.2.v20220201-1208/jre/bin/server;F:/spring-tool-suite-4-4.14.1.RELEASE-e4.23.0-win32.win32.x86_64.self-extracting/sts-4.14.1.RELEASE//plugins/org.eclipse.justj.openjdk.hotspot.jre.full.win32.x86_64_17.0.2.v20220201-1208/jre/bin;C:\Program Files (x86)\Common Files\Oracle\Java\javapath;C:\Program Files (x86)\Intel\Intel(R) Management Engine Components\iCLS\;C:\Program Files\Intel\Intel(R) Management Engine Components\iCLS\;C:\Windows\system32;C:\Windows;C:\Windows\System32\Wbem;C:\Windows\System32\WindowsPowerShell\v1.0\;C:\Program Files (x86)\NVIDIA Corporation\PhysX\Common;C:\Program Files\Intel\WiFi\bin\;C:\Program Files\Common Files\Intel\WirelessCommon\;C:\Program Files (x86)\Intel\Intel(R) Management Engine Components\DAL;C:\Program Files\Intel\Intel(R) Management Engine Components\DAL;C:\Program Files (x86)\Intel\Intel(R) Management Engine Components\IPT;C:\Program Files\Intel\Intel(R) Management Engine Components\IPT;C:\WINDOWS\system32;C:\WINDOWS;C:\WINDOWS\System32\Wbem;C:\WINDOWS\System32\WindowsPowerShell\v1.0\;C:\WINDOWS\System32\OpenSSH\;C:\Program Files\TortoiseGit\bin;C:\Program Files\Git\cmd;C:\Program Files\MySQL\MySQL Shell 8.0\bin\;C:\Users\mrush\AppData\Local\Microsoft\WindowsApps;;F:\spring-tool-suite-4-4.14.1.RELEASE-e4.23.0-win32.win32.x86_64.self-extracting\sts-4.14.1.RELEASE;
USERNAME=mrush
OS=Windows_NT
PROCESSOR_IDENTIFIER=Intel64 Family 6 Model 158 Stepping 10, GenuineIntel



---------------  S Y S T E M  ---------------

OS:
 Windows 11 , 64 bit Build 22621 (10.0.22621.3672)
OS uptime: 4 days 16:58 hours

CPU: total 12 (initial active 12) (6 cores per cpu, 2 threads per core) family 6 model 158 stepping 10 microcode 0xde, cx8, cmov, fxsr, ht, mmx, 3dnowpref, sse, sse2, sse3, ssse3, sse4.1, sse4.2, popcnt, lzcnt, tsc, tscinvbit, avx, avx2, aes, erms, clmul, bmi1, bmi2, adx, fma, vzeroupper, clflush, clflushopt

Memory: 4k page, system-wide physical 8038M (497M free)
TotalPageFile size 13273M (AvailPageFile size 1720M)
current process WorkingSet (physical memory assigned to process): 100M, peak: 100M
current process commit charge ("private bytes"): 233M, peak: 233M

vm_info: OpenJDK 64-Bit Server VM (17.0.2+8) for windows-amd64 JRE (17.0.2+8), built on Jan 20 2022 04:52:34 by "" with MS VC++ 16.7 (VS2019)

END.
